<?xml version="1.0" encoding="UTF-8"?>
<!-- Generated by org.testng.reporters.JUnitReportReporter -->
<testsuite hostname="LAPTOP-I2JNEEB7" failures="0" tests="23" name="com.saucedemo.runners.RunCucumberTest" time="96.491" errors="0" timestamp="2026-06-17T21:28:12 IST" skipped="0">
  <testcase classname="com.saucedemo.runners.RunCucumberTest" name="runScenario" time="4.631"/>
  <testcase classname="com.saucedemo.runners.RunCucumberTest" name="runScenario" time="4.523"/>
  <testcase classname="com.saucedemo.runners.RunCucumberTest" name="runScenario" time="4.543"/>
  <testcase classname="com.saucedemo.runners.RunCucumberTest" name="runScenario" time="4.199"/>
  <testcase classname="com.saucedemo.runners.RunCucumberTest" name="runScenario" time="8.676"/>
  <testcase classname="com.saucedemo.runners.RunCucumberTest" name="runScenario" time="0.901"/>
  <testcase classname="com.saucedemo.runners.RunCucumberTest" name="runScenario" time="5.898"/>
  <testcase classname="com.saucedemo.runners.RunCucumberTest" name="runScenario" time="5.364"/>
  <testcase classname="com.saucedemo.runners.RunCucumberTest" name="runScenario" time="4.700"/>
  <testcase classname="com.saucedemo.runners.RunCucumberTest" name="runScenario" time="4.178"/>
  <testcase classname="com.saucedemo.runners.RunCucumberTest" name="runScenario" time="1.281"/>
  <testcase classname="com.saucedemo.runners.RunCucumberTest" name="runScenario" time="4.789"/>
  <testcase classname="com.saucedemo.runners.RunCucumberTest" name="runScenario" time="4.336"/>
  <testcase classname="com.saucedemo.runners.RunCucumberTest" name="runScenario" time="4.723"/>
  <testcase classname="com.saucedemo.runners.RunCucumberTest" name="runScenario" time="3.709"/>
  <testcase classname="com.saucedemo.runners.RunCucumberTest" name="runScenario" time="4.234"/>
  <testcase classname="com.saucedemo.runners.RunCucumberTest" name="runScenario" time="4.852"/>
  <testcase classname="com.saucedemo.runners.RunCucumberTest" name="runScenario" time="4.019"/>
  <testcase classname="com.saucedemo.runners.RunCucumberTest" name="runScenario" time="0.258"/>
  <testcase classname="com.saucedemo.runners.RunCucumberTest" name="runScenario" time="4.692"/>
  <testcase classname="com.saucedemo.runners.RunCucumberTest" name="runScenario" time="3.579"/>
  <testcase classname="com.saucedemo.runners.RunCucumberTest" name="runScenario" time="4.993"/>
  <testcase classname="com.saucedemo.runners.RunCucumberTest" name="runScenario" time="3.413"/>
</testsuite> <!-- com.saucedemo.runners.RunCucumberTest -->
